<?xml version="1.0" encoding="utf-8"?><testsuites><testsuite name="pytest" errors="0" failures="0" skipped="0" tests="75" time="427.080" timestamp="2026-05-18T11:29:02.836648" hostname="LIN47000798"><testcase classname="pytestProject.pytestProject.tests.api.test_auth_api.TestAuthAPI" name="test_register_user" time="0.004" /><testcase classname="pytestProject.pytestProject.tests.api.test_auth_api.TestAuthAPI" name="test_existing_user" time="0.004" /><testcase classname="pytestProject.pytestProject.tests.api.test_auth_api.TestAuthAPI" name="test_invalid_email" time="0.002" /><testcase classname="pytestProject.pytestProject.tests.api.test_auth_api.TestAuthAPI" name="test_blank_password" time="0.003" /><testcase classname="pytestProject.pytestProject.tests.api.test_auth_api.TestAuthAPI" name="test_short_password" time="0.002" /><testcase classname="pytestProject.pytestProject.tests.api.test_auth_api.TestAuthAPI" name="test_valid_login" time="0.002" /><testcase classname="pytestProject.pytestProject.tests.api.test_auth_api.TestAuthAPI" name="test_invalid_password" time="0.004" /><testcase classname="pytestProject.pytestProject.tests.api.test_auth_api.TestAuthAPI" name="test_invalid_email_login" time="0.002" /><testcase classname="pytestProject.pytestProject.tests.api.test_auth_api.TestAuthAPI" name="test_blank_login" time="0.002" /><testcase classname="pytestProject.pytestProject.tests.api.test_auth_api.TestAuthAPI" name="test_token_generation" time="0.002" /><testcase classname="pytestProject.pytestProject.tests.api.test_create_note_api.TestCreateNoteAPI" name="test_create_note" time="0.002" /><testcase classname="pytestProject.pytestProject.tests.api.test_create_note_api.TestCreateNoteAPI" name="test_without_token" time="0.002" /><testcase classname="pytestProject.pytestProject.tests.api.test_create_note_api.TestCreateNoteAPI" name="test_invalid_token" time="0.003" /><testcase classname="pytestProject.pytestProject.tests.api.test_create_note_api.TestCreateNoteAPI" name="test_blank_title" time="0.002" /><testcase classname="pytestProject.pytestProject.tests.api.test_create_note_api.TestCreateNoteAPI" name="test_blank_description" time="0.002" /><testcase classname="pytestProject.pytestProject.tests.api.test_create_note_api.TestCreateNoteAPI" name="test_special_characters" time="0.002" /><testcase classname="pytestProject.pytestProject.tests.api.test_create_note_api.TestCreateNoteAPI" name="test_large_title" time="0.002" /><testcase classname="pytestProject.pytestProject.tests.api.test_create_note_api.TestCreateNoteAPI" name="test_schema_validation" time="0.002" /><testcase classname="pytestProject.pytestProject.tests.api.test_create_note_api.TestCreateNoteAPI" name="test_response_time" time="0.002" /><testcase classname="pytestProject.pytestProject.tests.api.test_create_note_api.TestCreateNoteAPI" name="test_multiple_note_creation" time="0.002" /><testcase classname="pytestProject.pytestProject.tests.api.test_delete_note_api.TestDeleteNoteAPI" name="test_delete_note" time="0.002" /><testcase classname="pytestProject.pytestProject.tests.api.test_delete_note_api.TestDeleteNoteAPI" name="test_delete_deleted_note" time="0.001" /><testcase classname="pytestProject.pytestProject.tests.api.test_delete_note_api.TestDeleteNoteAPI" name="test_invalid_note_id" time="0.002" /><testcase classname="pytestProject.pytestProject.tests.api.test_delete_note_api.TestDeleteNoteAPI" name="test_without_token" time="0.003" /><testcase classname="pytestProject.pytestProject.tests.api.test_delete_note_api.TestDeleteNoteAPI" name="test_invalid_token" time="0.002" /><testcase classname="pytestProject.pytestProject.tests.api.test_delete_note_api.TestDeleteNoteAPI" name="test_deleted_note_access" time="0.002" /><testcase classname="pytestProject.pytestProject.tests.api.test_delete_note_api.TestDeleteNoteAPI" name="test_delete_response_code" time="0.003" /><testcase classname="pytestProject.pytestProject.tests.api.test_delete_note_api.TestDeleteNoteAPI" name="test_delete_message" time="0.002" /><testcase classname="pytestProject.pytestProject.tests.api.test_delete_note_api.TestDeleteNoteAPI" name="test_bulk_delete" time="0.002" /><testcase classname="pytestProject.pytestProject.tests.api.test_delete_note_api.TestDeleteNoteAPI" name="test_response_time" time="0.002" /><testcase classname="pytestProject.pytestProject.tests.api.test_get_note_api.TestGetNoteAPI" name="test_get_all_notes" time="0.002" /><testcase classname="pytestProject.pytestProject.tests.api.test_get_note_api.TestGetNoteAPI" name="test_get_note_by_id" time="0.002" /><testcase classname="pytestProject.pytestProject.tests.api.test_get_note_api.TestGetNoteAPI" name="test_invalid_note_id" time="0.002" /><testcase classname="pytestProject.pytestProject.tests.api.test_get_note_api.TestGetNoteAPI" name="test_without_token" time="0.002" /><testcase classname="pytestProject.pytestProject.tests.api.test_get_note_api.TestGetNoteAPI" name="test_expired_token" time="0.002" /><testcase classname="pytestProject.pytestProject.tests.api.test_get_note_api.TestGetNoteAPI" name="test_notes_not_empty" time="0.003" /><testcase classname="pytestProject.pytestProject.tests.api.test_get_note_api.TestGetNoteAPI" name="test_note_exists" time="0.002" /><testcase classname="pytestProject.pytestProject.tests.api.test_get_note_api.TestGetNoteAPI" name="test_schema_validation" time="0.002" /><testcase classname="pytestProject.pytestProject.tests.api.test_get_note_api.TestGetNoteAPI" name="test_pagination" time="0.003" /><testcase classname="pytestProject.pytestProject.tests.api.test_get_note_api.TestGetNoteAPI" name="test_response_time" time="0.002" /><testcase classname="pytestProject.pytestProject.tests.api.test_update_note_api.TestUpdateNoteAPI" name="test_update_note" time="0.002" /><testcase classname="pytestProject.pytestProject.tests.api.test_update_note_api.TestUpdateNoteAPI" name="test_update_title" time="0.003" /><testcase classname="pytestProject.pytestProject.tests.api.test_update_note_api.TestUpdateNoteAPI" name="test_update_description" time="0.002" /><testcase classname="pytestProject.pytestProject.tests.api.test_update_note_api.TestUpdateNoteAPI" name="test_invalid_note_id" time="0.003" /><testcase classname="pytestProject.pytestProject.tests.api.test_update_note_api.TestUpdateNoteAPI" name="test_without_token" time="0.003" /><testcase classname="pytestProject.pytestProject.tests.api.test_update_note_api.TestUpdateNoteAPI" name="test_invalid_payload" time="0.002" /><testcase classname="pytestProject.pytestProject.tests.api.test_update_note_api.TestUpdateNoteAPI" name="test_blank_fields" time="0.004" /><testcase classname="pytestProject.pytestProject.tests.api.test_update_note_api.TestUpdateNoteAPI" name="test_verify_updated_data" time="0.003" /><testcase classname="pytestProject.pytestProject.tests.api.test_update_note_api.TestUpdateNoteAPI" name="test_response_status" time="0.002" /><testcase classname="pytestProject.pytestProject.tests.api.test_update_note_api.TestUpdateNoteAPI" name="test_response_time" time="0.003" /><testcase classname="pytestProject.pytestProject.tests.ui.test_alerts.TestAlerts" name="test_accept_alert" time="24.278" /><testcase classname="pytestProject.pytestProject.tests.ui.test_alerts.TestAlerts" name="test_dismiss_alert" time="21.227" /><testcase classname="pytestProject.pytestProject.tests.ui.test_alerts.TestAlerts" name="test_prompt_alert" time="22.593" /><testcase classname="pytestProject.pytestProject.tests.ui.test_alerts.TestAlerts" name="test_alert_text" time="26.444" /><testcase classname="pytestProject.pytestProject.tests.ui.test_checkbox.TestCheckbox" name="test_select_checkbox_1" time="23.103" /><testcase classname="pytestProject.pytestProject.tests.ui.test_checkbox.TestCheckbox" name="test_select_checkbox_2" time="20.295" /><testcase classname="pytestProject.pytestProject.tests.ui.test_checkbox.TestCheckbox" name="test_unselect_checkbox" time="22.883" /><testcase classname="pytestProject.pytestProject.tests.ui.test_dropdown.TestDropdown" name="test_select_option1" time="19.902" /><testcase classname="pytestProject.pytestProject.tests.ui.test_dropdown.TestDropdown" name="test_select_option2" time="18.990" /><testcase classname="pytestProject.pytestProject.tests.ui.test_dropdown.TestDropdown" name="test_invalid_dropdown" time="15.061" /><testcase classname="pytestProject.pytestProject.tests.ui.test_dynamic_loading.TestDynamicLoading" name="test_dynamic_loading" time="15.360" /><testcase classname="pytestProject.pytestProject.tests.ui.test_dynamic_loading.TestDynamicLoading" name="test_loading_icon" time="12.454" /><testcase classname="pytestProject.pytestProject.tests.ui.test_dynamic_loading.TestDynamicLoading" name="test_hidden_element" time="14.069" /><testcase classname="pytestProject.pytestProject.tests.ui.test_login.TestLogin" name="test_valid_login" time="13.530" /><testcase classname="pytestProject.pytestProject.tests.ui.test_login.TestLogin" name="test_invalid_username" time="13.890" /><testcase classname="pytestProject.pytestProject.tests.ui.test_login.TestLogin" name="test_invalid_password" time="12.614" /><testcase classname="pytestProject.pytestProject.tests.ui.test_login.TestLogin" name="test_blank_login" time="14.510" /><testcase classname="pytestProject.pytestProject.tests.ui.test_login.TestLogin" name="test_logout" time="13.961" /><testcase classname="pytestProject.pytestProject.tests.ui.test_table.TestTable" name="test_table_data" time="13.518" /><testcase classname="pytestProject.pytestProject.tests.ui.test_table.TestTable" name="test_table_validation" time="14.948" /><testcase classname="pytestProject.pytestProject.tests.ui.test_upload.TestUpload" name="test_file_upload" time="13.709" /><testcase classname="pytestProject.pytestProject.tests.ui.test_upload.TestUpload" name="test_upload_without_file" time="13.198" /><testcase classname="pytestProject.pytestProject.tests.ui.test_windows.TestWindows" name="test_new_window" time="14.675" /><testcase classname="pytestProject.pytestProject.tests.ui.test_windows.TestWindows" name="test_switch_window" time="14.085" /><testcase classname="pytestProject.pytestProject.tests.ui.test_windows.TestWindows" name="test_multiple_tabs" time="15.324" /></testsuite></testsuites>